#
# A fatal error has been detected by the Java Runtime Environment:
#
#  EXCEPTION_ACCESS_VIOLATION (0xc0000005) at pc=0x00000000749ecd60, pid=10916, tid=0x0000000000001ed4
#
# JRE version: OpenJDK Runtime Environment (8.0_152-b01) (build 1.8.0_152-release-915-b01)
# Java VM: OpenJDK 64-Bit Server VM (25.152-b01 mixed mode windows-amd64 compressed oops)
# Problematic frame:
# V  [jvm.dll+0x46cd60]
#
# Failed to write core dump. Minidumps are not enabled by default on client versions of Windows
#
# If you would like to submit a bug report, please visit:
#   http://bugreport.java.com/bugreport/crash.jsp
#

---------------  T H R E A D  ---------------

Current thread (0x000000001a77c800):  JavaThread "C2 CompilerThread1" daemon [_thread_in_native, id=7892, stack(0x000000001b140000,0x000000001b240000)]

siginfo: ExceptionCode=0xc0000005, reading address 0xffffffffffffffff

Registers:
RAX=0x0000000000000000, RBX=0x000000001ed93d70, RCX=0x0100000074d44070, RDX=0x0000000000000000
RSP=0x000000001b23c700, RBP=0x0000000000000020, RSI=0x0000000000000100, RDI=0x000000001b23c750
R8 =0x0000000000800000, R9 =0x000000001dcc53e0, R10=0x0000000074580000, R11=0x000000001b23c620
R12=0x0000000074d44070, R13=0x0000000074580000, R14=0x000000001b9c4018, R15=0x00000000000003d8
RIP=0x00000000749ecd60, EFLAGS=0x0000000000010246

Top of Stack: (sp=0x000000001b23c700)
0x000000001b23c700:   000000001b23eee0 000000001ed935f0
0x000000001b23c710:   fffffffffffffff8 0000000018854260
0x000000001b23c720:   00000000000028d7 00000000749e7e2f
0x000000001b23c730:   000000001eea8e90 000000001ed93d70
0x000000001b23c740:   00000000000028d7 000000001b23c830
0x000000001b23c750:   00000d1a00000000 0000000000000001
0x000000001b23c760:   0100000074d44070 000000000000000e
0x000000001b23c770:   000000001fa57010 0000000000000044
0x000000001b23c780:   000000001eea96b0 000000001b23cb20
0x000000001b23c790:   000000001b9c3c40 000000001b23cb20
0x000000001b23c7a0:   000000001b9c3c30 00000000749b4671
0x000000001b23c7b0:   0000000000000000 000000001b23c8b0
0x000000001b23c7c0:   0000000000000000 0000000000000006
0x000000001b23c7d0:   0000000000000002 000000001b9c3c30
0x000000001b23c7e0:   000000001dcc13a0 000000001dcc59d0
0x000000001b23c7f0:   000000001dcc9388 00000000012caf10 

Instructions: (pc=0x00000000749ecd60)
0x00000000749ecd40:   48 8b 4f 20 48 39 04 0e 0f 84 9d 00 00 00 48 8b
0x00000000749ecd50:   0c 0e 33 d2 33 c0 48 89 4f 10 66 0f 1f 44 00 00
0x00000000749ecd60:   83 3c 08 00 0f 85 36 01 00 00 ff c2 48 83 c0 04
0x00000000749ecd70:   83 fa 08 72 eb 48 8b 47 30 48 89 44 24 30 48 85 


Register to memory mapping:

RAX=0x0000000000000000 is an unknown value
RBX=0x000000001ed93d70 is an unknown value
RCX=0x0100000074d44070 is an unknown value
RDX=0x0000000000000000 is an unknown value
RSP=0x000000001b23c700 is pointing into the stack for thread: 0x000000001a77c800
RBP=0x0000000000000020 is an unknown value
RSI=0x0000000000000100 is an unknown value
RDI=0x000000001b23c750 is pointing into the stack for thread: 0x000000001a77c800
R8 =0x0000000000800000 is an unknown value
R9 =0x000000001dcc53e0 is an unknown value
R10=0x0000000074580000 is an unknown value
R11=0x000000001b23c620 is pointing into the stack for thread: 0x000000001a77c800
R12=0x0000000074d44070 is an unknown value
R13=0x0000000074580000 is an unknown value
R14=0x000000001b9c4018 is an unknown value
R15=0x00000000000003d8 is an unknown value


Stack: [0x000000001b140000,0x000000001b240000],  sp=0x000000001b23c700,  free space=1009k
Native frames: (J=compiled Java code, j=interpreted, Vv=VM code, C=native code)
V  [jvm.dll+0x46cd60]
V  [jvm.dll+0x467e2f]
V  [jvm.dll+0x434671]
V  [jvm.dll+0x43f19b]
V  [jvm.dll+0x441a6e]
V  [jvm.dll+0x424b32]
V  [jvm.dll+0x80fa9]
V  [jvm.dll+0x818df]
V  [jvm.dll+0x21d06f]
V  [jvm.dll+0x26d4aa]
C  [msvcr100.dll+0x21d9f]
C  [msvcr100.dll+0x21e3b]
C  [KERNEL32.DLL+0x11fe4]
C  [ntdll.dll+0x6efc1]


Current CompileTask:
C2:1438166 11947       4       org.gradle.api.internal.project.taskfactory.DefaultTaskClassValidatorExtractor::mergeDeclaredAnnotations (190 bytes)


---------------  P R O C E S S  ---------------

Java Threads: ( => current thread )
  0x000000001a8c1800 JavaThread "Task worker for ':' Thread 7" [_thread_blocked, id=1956, stack(0x00000000308a0000,0x00000000309a0000)]
  0x000000001a8c6000 JavaThread "Task worker for ':' Thread 6" [_thread_blocked, id=6512, stack(0x00000000307a0000,0x00000000308a0000)]
  0x000000001a8b8800 JavaThread "Task worker for ':' Thread 5" [_thread_blocked, id=3412, stack(0x00000000306a0000,0x00000000307a0000)]
  0x000000001a8bf800 JavaThread "Task worker for ':' Thread 4" [_thread_blocked, id=6128, stack(0x00000000305a0000,0x00000000306a0000)]
  0x000000001a8be800 JavaThread "Task worker for ':' Thread 3" [_thread_in_Java, id=12104, stack(0x00000000304a0000,0x00000000305a0000)]
  0x000000001a8be000 JavaThread "Task worker for ':' Thread 2" [_thread_blocked, id=11332, stack(0x00000000303a0000,0x00000000304a0000)]
  0x000000001a8bb000 JavaThread "Task worker for ':'" [_thread_blocked, id=1516, stack(0x00000000302a0000,0x00000000303a0000)]
  0x000000001a8bd000 JavaThread "Cache worker for task history cache (C:\Users\tgoetz\Desktop\Database_test\Database_test\.gradle\4.1\taskHistory)" [_thread_blocked, id=8416, stack(0x00000000301a0000,0x00000000302a0000)]
  0x000000001a8bc800 JavaThread "Cache worker for file content cache (C:\Users\tgoetz\Desktop\Database_test\Database_test\.gradle\4.1\fileContent)" [_thread_blocked, id=1256, stack(0x00000000300a0000,0x00000000301a0000)]
  0x000000001bc08800 JavaThread "build operations Thread 8" [_thread_blocked, id=7736, stack(0x000000002ffa0000,0x00000000300a0000)]
  0x000000001bc07800 JavaThread "build operations Thread 7" [_thread_blocked, id=5124, stack(0x000000002fea0000,0x000000002ffa0000)]
  0x000000001bc07000 JavaThread "build operations Thread 6" [_thread_blocked, id=13764, stack(0x000000002fda0000,0x000000002fea0000)]
  0x000000001bc06000 JavaThread "build operations Thread 5" [_thread_blocked, id=2996, stack(0x000000002fca0000,0x000000002fda0000)]
  0x000000001bc05800 JavaThread "build operations Thread 4" [_thread_blocked, id=1968, stack(0x000000002fba0000,0x000000002fca0000)]
  0x000000001bc04800 JavaThread "build operations Thread 3" [_thread_blocked, id=11088, stack(0x000000002faa0000,0x000000002fba0000)]
  0x000000001bc09800 JavaThread "build operations Thread 2" [_thread_blocked, id=488, stack(0x000000002f9a0000,0x000000002faa0000)]
  0x000000001bbfc800 JavaThread "build operations" [_thread_blocked, id=13160, stack(0x000000002f8a0000,0x000000002f9a0000)]
  0x000000001bc03000 JavaThread "Cache worker for Artifact transforms cache (C:\Users\tgoetz\.gradle\caches\transforms-1)" [_thread_blocked, id=9136, stack(0x000000002f7a0000,0x000000002f8a0000)]
  0x000000001bbfd000 JavaThread "Cache worker for file hash cache (C:\Users\tgoetz\Desktop\Database_test\Database_test\.gradle\4.1\fileHashes)" [_thread_blocked, id=8660, stack(0x000000002f6a0000,0x000000002f7a0000)]
  0x000000001bc02800 JavaThread "Stdin handler" [_thread_blocked, id=9164, stack(0x000000002f5a0000,0x000000002f6a0000)]
  0x000000001bc01000 JavaThread "Asynchronous log dispatcher for DefaultDaemonConnection: socket connection from /127.0.0.1:54015 to /127.0.0.1:54852" [_thread_blocked, id=7644, stack(0x000000002f4a0000,0x000000002f5a0000)]
  0x000000001bbfb000 JavaThread "Daemon worker Thread 3" [_thread_blocked, id=5984, stack(0x000000002f3a0000,0x000000002f4a0000)]
  0x000000001bbff800 JavaThread "Cancel handler" [_thread_blocked, id=5392, stack(0x000000002f2a0000,0x000000002f3a0000)]
  0x000000001bc00000 JavaThread "Handler for socket connection from /127.0.0.1:54015 to /127.0.0.1:54852" [_thread_in_native, id=8796, stack(0x000000002f1a0000,0x000000002f2a0000)]
  0x000000001bbfe800 JavaThread "Daemon Thread 3" [_thread_blocked, id=1840, stack(0x000000002f0a0000,0x000000002f1a0000)]
  0x000000001bbfb800 JavaThread "Memory manager" [_thread_blocked, id=10984, stack(0x00000000258d0000,0x00000000259d0000)]
  0x000000001bc01800 JavaThread "pool-1-thread-1" [_thread_blocked, id=3916, stack(0x00000000255d0000,0x00000000256d0000)]
  0x000000001c7e2800 JavaThread "File lock request listener" [_thread_in_native, id=9240, stack(0x000000001f310000,0x000000001f410000)]
  0x000000001cca9800 JavaThread "Cache worker for file hash cache (C:\Users\tgoetz\.gradle\caches\4.1\fileHashes)" [_thread_blocked, id=13772, stack(0x000000001f210000,0x000000001f310000)]
  0x000000001c643800 JavaThread "Daemon periodic checks" [_thread_blocked, id=14020, stack(0x000000001e810000,0x000000001e910000)]
  0x000000001c887800 JavaThread "Incoming local TCP Connector on port 54015" [_thread_in_native, id=11884, stack(0x000000001ce10000,0x000000001cf10000)]
  0x000000001a80a800 JavaThread "Service Thread" daemon [_thread_blocked, id=10308, stack(0x000000001b440000,0x000000001b540000)]
  0x0000000018869800 JavaThread "C1 CompilerThread3" daemon [_thread_blocked, id=10388, stack(0x000000001b340000,0x000000001b440000)]
  0x000000001a77e000 JavaThread "C2 CompilerThread2" daemon [_thread_blocked, id=6996, stack(0x000000001b240000,0x000000001b340000)]
=>0x000000001a77c800 JavaThread "C2 CompilerThread1" daemon [_thread_in_native, id=7892, stack(0x000000001b140000,0x000000001b240000)]
  0x000000001a778000 JavaThread "C2 CompilerThread0" daemon [_thread_in_native, id=6588, stack(0x000000001b040000,0x000000001b140000)]
  0x000000001a786000 JavaThread "Attach Listener" daemon [_thread_blocked, id=6660, stack(0x000000001af40000,0x000000001b040000)]
  0x000000001a785000 JavaThread "Signal Dispatcher" daemon [_thread_blocked, id=6552, stack(0x000000001ae40000,0x000000001af40000)]
  0x00000000049de000 JavaThread "Finalizer" daemon [_thread_blocked, id=8656, stack(0x000000001ab50000,0x000000001ac50000)]
  0x00000000049d7000 JavaThread "Reference Handler" daemon [_thread_blocked, id=11596, stack(0x000000001a650000,0x000000001a750000)]
  0x0000000004a9d800 JavaThread "main" [_thread_blocked, id=12808, stack(0x00000000047b0000,0x00000000048b0000)]

Other Threads:
  0x0000000018855000 VMThread [stack: 0x000000001a550000,0x000000001a650000] [id=3216]
  0x000000001a7ce800 WatcherThread [stack: 0x000000001b540000,0x000000001b640000] [id=10880]

VM state:not at safepoint (normal execution)

VM Mutex/Monitor currently owned by a thread: None

Heap:
 PSYoungGen      total 329728K, used 28501K [0x00000000e0000000, 0x00000000f9d00000, 0x0000000100000000)
  eden space 314880K, 4% used [0x00000000e0000000,0x00000000e0d97050,0x00000000f3380000)
  from space 14848K, 98% used [0x00000000f7300000,0x00000000f813e4f0,0x00000000f8180000)
  to   space 28160K, 0% used [0x00000000f8180000,0x00000000f8180000,0x00000000f9d00000)
 ParOldGen       total 494080K, used 47148K [0x00000000a0000000, 0x00000000be280000, 0x00000000e0000000)
  object space 494080K, 9% used [0x00000000a0000000,0x00000000a2e0b168,0x00000000be280000)
 Metaspace       used 65808K, capacity 69476K, committed 69504K, reserved 1110016K
  class space    used 8708K, capacity 9592K, committed 9600K, reserved 1048576K

Card table byte_map: [0x0000000013e60000,0x0000000014170000] byte_map_base: 0x0000000013960000

Marking Bits: (ParMarkBitMap*) 0x0000000074d43950
 Begin Bits: [0x0000000014b70000, 0x0000000016370000)
 End Bits:   [0x0000000016370000, 0x0000000017b70000)

Polling page: 0x00000000048b0000

CodeCache: size=245760Kb used=33974Kb max_used=33975Kb free=211785Kb
 bounds [0x0000000004aa0000, 0x0000000006c20000, 0x0000000013aa0000]
 total_blobs=10845 nmethods=10049 adapters=707
 compilation: enabled

Compilation events (10 events):
Event: 1437.908 Thread 0x0000000018869800 nmethod 12111 0x0000000006bdfa50 code [0x0000000006bdfba0, 0x0000000006bdfc90]
Event: 1437.913 Thread 0x0000000018869800 12113       1       org.gradle.execution.taskgraph.DefaultTaskGraphExecuter::access$000 (5 bytes)
Event: 1437.913 Thread 0x0000000018869800 nmethod 12113 0x0000000004c7cfd0 code [0x0000000004c7d120, 0x0000000004c7d210]
Event: 1437.914 Thread 0x0000000018869800 12114       1       org.gradle.internal.logging.sink.ProgressLogEventGenerator::access$300 (5 bytes)
Event: 1437.914 Thread 0x0000000018869800 nmethod 12114 0x0000000004e2a590 code [0x0000000004e2a6e0, 0x0000000004e2a7d0]
Event: 1437.915 Thread 0x0000000018869800 12115       1       org.gradle.api.internal.tasks.TaskExecutionOutcome::isUpToDate (5 bytes)
Event: 1437.915 Thread 0x0000000018869800 nmethod 12115 0x0000000004f22cd0 code [0x0000000004f22e20, 0x0000000004f22f30]
Event: 1437.918 Thread 0x0000000018869800 12116       1       org.gradle.api.internal.tasks.DefaultTaskOutputs::getFiles (5 bytes)
Event: 1437.918 Thread 0x0000000018869800 nmethod 12116 0x0000000005257190 code [0x00000000052572e0, 0x00000000052573f0]
Event: 1437.919 Thread 0x0000000018869800 12117       3       sun.reflect.MethodAccessorGenerator::emitInvoke (1033 bytes)

GC Heap History (10 events):
Event: 11.088 GC heap before
{Heap before GC invocations=8 (full 2):
 PSYoungGen      total 208384K, used 206073K [0x00000000e0000000, 0x00000000f2880000, 0x0000000100000000)
  eden space 186880K, 100% used [0x00000000e0000000,0x00000000eb680000,0x00000000eb680000)
  from space 21504K, 89% used [0x00000000eb680000,0x00000000ec93e4d8,0x00000000ecb80000)
  to   space 20480K, 0% used [0x00000000f1480000,0x00000000f1480000,0x00000000f2880000)
 ParOldGen       total 329728K, used 16522K [0x00000000a0000000, 0x00000000b4200000, 0x00000000e0000000)
  object space 329728K, 5% used [0x00000000a0000000,0x00000000a10228d8,0x00000000b4200000)
 Metaspace       used 54556K, capacity 56634K, committed 56832K, reserved 1097728K
  class space    used 7529K, capacity 8112K, committed 8192K, reserved 1048576K
Event: 11.121 GC heap after
Heap after GC invocations=8 (full 2):
 PSYoungGen      total 273408K, used 20476K [0x00000000e0000000, 0x00000000f5280000, 0x0000000100000000)
  eden space 252928K, 0% used [0x00000000e0000000,0x00000000e0000000,0x00000000ef700000)
  from space 20480K, 99% used [0x00000000f1480000,0x00000000f287f2f8,0x00000000f2880000)
  to   space 30208K, 0% used [0x00000000ef700000,0x00000000ef700000,0x00000000f1480000)
 ParOldGen       total 329728K, used 28283K [0x00000000a0000000, 0x00000000b4200000, 0x00000000e0000000)
  object space 329728K, 8% used [0x00000000a0000000,0x00000000a1b9ece0,0x00000000b4200000)
 Metaspace       used 54556K, capacity 56634K, committed 56832K, reserved 1097728K
  class space    used 7529K, capacity 8112K, committed 8192K, reserved 1048576K
}
Event: 12.486 GC heap before
{Heap before GC invocations=9 (full 2):
 PSYoungGen      total 273408K, used 81440K [0x00000000e0000000, 0x00000000f5280000, 0x0000000100000000)
  eden space 252928K, 24% used [0x00000000e0000000,0x00000000e3b89008,0x00000000ef700000)
  from space 20480K, 99% used [0x00000000f1480000,0x00000000f287f2f8,0x00000000f2880000)
  to   space 30208K, 0% used [0x00000000ef700000,0x00000000ef700000,0x00000000f1480000)
 ParOldGen       total 329728K, used 28283K [0x00000000a0000000, 0x00000000b4200000, 0x00000000e0000000)
  object space 329728K, 8% used [0x00000000a0000000,0x00000000a1b9ece0,0x00000000b4200000)
 Metaspace       used 56447K, capacity 58866K, committed 59028K, reserved 1099776K
  class space    used 7727K, capacity 8345K, committed 8448K, reserved 1048576K
Event: 12.506 GC heap after
Heap after GC invocations=9 (full 2):
 PSYoungGen      total 283136K, used 24105K [0x00000000e0000000, 0x00000000fbc00000, 0x0000000100000000)
  eden space 252928K, 0% used [0x00000000e0000000,0x00000000e0000000,0x00000000ef700000)
  from space 30208K, 79% used [0x00000000ef700000,0x00000000f0e8a6e8,0x00000000f1480000)
  to   space 32256K, 0% used [0x00000000f9c80000,0x00000000f9c80000,0x00000000fbc00000)
 ParOldGen       total 329728K, used 28291K [0x00000000a0000000, 0x00000000b4200000, 0x00000000e0000000)
  object space 329728K, 8% used [0x00000000a0000000,0x00000000a1ba0ce0,0x00000000b4200000)
 Metaspace       used 56447K, capacity 58866K, committed 59028K, reserved 1099776K
  class space    used 7727K, capacity 8345K, committed 8448K, reserved 1048576K
}
Event: 12.506 GC heap before
{Heap before GC invocations=10 (full 3):
 PSYoungGen      total 283136K, used 24105K [0x00000000e0000000, 0x00000000fbc00000, 0x0000000100000000)
  eden space 252928K, 0% used [0x00000000e0000000,0x00000000e0000000,0x00000000ef700000)
  from space 30208K, 79% used [0x00000000ef700000,0x00000000f0e8a6e8,0x00000000f1480000)
  to   space 32256K, 0% used [0x00000000f9c80000,0x00000000f9c80000,0x00000000fbc00000)
 ParOldGen       total 329728K, used 28291K [0x00000000a0000000, 0x00000000b4200000, 0x00000000e0000000)
  object space 329728K, 8% used [0x00000000a0000000,0x00000000a1ba0ce0,0x00000000b4200000)
 Metaspace       used 56447K, capacity 58866K, committed 59028K, reserved 1099776K
  class space    used 7727K, capacity 8345K, committed 8448K, reserved 1048576K
Event: 12.794 GC heap after
Heap after GC invocations=10 (full 3):
 PSYoungGen      total 283136K, used 0K [0x00000000e0000000, 0x00000000fbc00000, 0x0000000100000000)
  eden space 252928K, 0% used [0x00000000e0000000,0x00000000e0000000,0x00000000ef700000)
  from space 30208K, 0% used [0x00000000ef700000,0x00000000ef700000,0x00000000f1480000)
  to   space 32256K, 0% used [0x00000000f9c80000,0x00000000f9c80000,0x00000000fbc00000)
 ParOldGen       total 494080K, used 47132K [0x00000000a0000000, 0x00000000be280000, 0x00000000e0000000)
  object space 494080K, 9% used [0x00000000a0000000,0x00000000a2e07168,0x00000000be280000)
 Metaspace       used 56447K, capacity 58866K, committed 59028K, reserved 1099776K
  class space    used 7727K, capacity 8345K, committed 8448K, reserved 1048576K
}
Event: 23.930 GC heap before
{Heap before GC invocations=11 (full 3):
 PSYoungGen      total 283136K, used 252928K [0x00000000e0000000, 0x00000000fbc00000, 0x0000000100000000)
  eden space 252928K, 100% used [0x00000000e0000000,0x00000000ef700000,0x00000000ef700000)
  from space 30208K, 0% used [0x00000000ef700000,0x00000000ef700000,0x00000000f1480000)
  to   space 32256K, 0% used [0x00000000f9c80000,0x00000000f9c80000,0x00000000fbc00000)
 ParOldGen       total 494080K, used 47132K [0x00000000a0000000, 0x00000000be280000, 0x00000000e0000000)
  object space 494080K, 9% used [0x00000000a0000000,0x00000000a2e07168,0x00000000be280000)
 Metaspace       used 63267K, capacity 66228K, committed 66304K, reserved 1105920K
  class space    used 8448K, capacity 9178K, committed 9216K, reserved 1048576K
Event: 23.945 GC heap after
Heap after GC invocations=11 (full 3):
 PSYoungGen      total 340480K, used 18629K [0x00000000e0000000, 0x00000000faf00000, 0x0000000100000000)
  eden space 321536K, 0% used [0x00000000e0000000,0x00000000e0000000,0x00000000f3a00000)
  from space 18944K, 98% used [0x00000000f9c80000,0x00000000faeb1670,0x00000000faf00000)
  to   space 30720K, 0% used [0x00000000f7300000,0x00000000f7300000,0x00000000f9100000)
 ParOldGen       total 494080K, used 47140K [0x00000000a0000000, 0x00000000be280000, 0x00000000e0000000)
  object space 494080K, 9% used [0x00000000a0000000,0x00000000a2e09168,0x00000000be280000)
 Metaspace       used 63267K, capacity 66228K, committed 66304K, reserved 1105920K
  class space    used 8448K, capacity 9178K, committed 9216K, reserved 1048576K
}
Event: 1437.663 GC heap before
{Heap before GC invocations=12 (full 3):
 PSYoungGen      total 340480K, used 340165K [0x00000000e0000000, 0x00000000faf00000, 0x0000000100000000)
  eden space 321536K, 100% used [0x00000000e0000000,0x00000000f3a00000,0x00000000f3a00000)
  from space 18944K, 98% used [0x00000000f9c80000,0x00000000faeb1670,0x00000000faf00000)
  to   space 30720K, 0% used [0x00000000f7300000,0x00000000f7300000,0x00000000f9100000)
 ParOldGen       total 494080K, used 47140K [0x00000000a0000000, 0x00000000be280000, 0x00000000e0000000)
  object space 494080K, 9% used [0x00000000a0000000,0x00000000a2e09168,0x00000000be280000)
 Metaspace       used 65754K, capacity 69380K, committed 69504K, reserved 1110016K
  class space    used 8699K, capacity 9576K, committed 9600K, reserved 1048576K
Event: 1437.689 GC heap after
Heap after GC invocations=12 (full 3):
 PSYoungGen      total 329728K, used 14585K [0x00000000e0000000, 0x00000000f9d00000, 0x0000000100000000)
  eden space 314880K, 0% used [0x00000000e0000000,0x00000000e0000000,0x00000000f3380000)
  from space 14848K, 98% used [0x00000000f7300000,0x00000000f813e4f0,0x00000000f8180000)
  to   space 28160K, 0% used [0x00000000f8180000,0x00000000f8180000,0x00000000f9d00000)
 ParOldGen       total 494080K, used 47148K [0x00000000a0000000, 0x00000000be280000, 0x00000000e0000000)
  object space 494080K, 9% used [0x00000000a0000000,0x00000000a2e0b168,0x00000000be280000)
 Metaspace       used 65754K, capacity 69380K, committed 69504K, reserved 1110016K
  class space    used 8699K, capacity 9576K, committed 9600K, reserved 1048576K
}

Deoptimization events (10 events):
Event: 1215.988 Thread 0x000000001a8be800 Uncommon trap: reason=bimorphic action=maybe_recompile pc=0x00000000068d7e90 method=org.gradle.api.specs.NotSpec.isSatisfiedBy(Ljava/lang/Object;)Z @ 5
Event: 1215.989 Thread 0x000000001a8be800 Uncommon trap: reason=bimorphic action=maybe_recompile pc=0x00000000068d7e90 method=org.gradle.api.specs.NotSpec.isSatisfiedBy(Ljava/lang/Object;)Z @ 5
Event: 1216.135 Thread 0x000000001a8be800 Uncommon trap: reason=bimorphic action=maybe_recompile pc=0x00000000064ddd64 method=com.google.common.collect.ImmutableList.copyOf(Ljava/util/Collection;)Lcom/google/common/collect/ImmutableList; @ 35
Event: 1216.138 Thread 0x000000001a8be800 Uncommon trap: reason=bimorphic action=maybe_recompile pc=0x00000000064ddd64 method=com.google.common.collect.ImmutableList.copyOf(Ljava/util/Collection;)Lcom/google/common/collect/ImmutableList; @ 35
Event: 1216.316 Thread 0x000000001a8be800 Uncommon trap: reason=unstable_if action=reinterpret pc=0x00000000069fd280 method=org.apache.commons.lang.StringUtils.splitWorker(Ljava/lang/String;Ljava/lang/String;IZ)[Ljava/lang/String; @ 142
Event: 1216.332 Thread 0x000000001a8be800 Uncommon trap: reason=array_check action=maybe_recompile pc=0x000000000681c760 method=java.util.ComparableTimSort.binarySort([Ljava/lang/Object;III)V @ 183
Event: 1216.344 Thread 0x000000001a8be800 Uncommon trap: reason=array_check action=maybe_recompile pc=0x000000000681c760 method=java.util.ComparableTimSort.binarySort([Ljava/lang/Object;III)V @ 183
Event: 1436.802 Thread 0x000000001bc00000 Uncommon trap: reason=class_check action=maybe_recompile pc=0x00000000061c4120 method=java.lang.reflect.Array.newInstance(Ljava/lang/Class;I)Ljava/lang/Object; @ 2
Event: 1436.803 Thread 0x000000001bc00000 Uncommon trap: reason=class_check action=maybe_recompile pc=0x00000000061c4120 method=java.lang.reflect.Array.newInstance(Ljava/lang/Class;I)Ljava/lang/Object; @ 2
Event: 1436.831 Thread 0x000000001bc02800 Uncommon trap: reason=unstable_if action=reinterpret pc=0x000000000619a438 method=org.gradle.internal.logging.sink.OutputEventRenderer.onOutput(Lorg/gradle/internal/logging/events/OutputEvent;)V @ 24

Classes redefined (0 events):
No events

Internal exceptions (10 events):
Event: 1437.437 Thread 0x000000001bbfb000 Exception <a 'sun/nio/fs/WindowsException'> (0x00000000f1a9f490) thrown at [D:\src\AOSP-openjdk-cygwin\jdk8u\hotspot\src\share\vm\prims\jni.cpp, line 709]
Event: 1437.437 Thread 0x000000001bbfb000 Exception <a 'sun/nio/fs/WindowsException'> (0x00000000f1aa0158) thrown at [D:\src\AOSP-openjdk-cygwin\jdk8u\hotspot\src\share\vm\prims\jni.cpp, line 709]
Event: 1437.438 Thread 0x000000001bbfb000 Exception <a 'sun/nio/fs/WindowsException'> (0x00000000f1aa2ba0) thrown at [D:\src\AOSP-openjdk-cygwin\jdk8u\hotspot\src\share\vm\prims\jni.cpp, line 709]
Event: 1437.438 Thread 0x000000001bbfb000 Exception <a 'sun/nio/fs/WindowsException'> (0x00000000f1aa3788) thrown at [D:\src\AOSP-openjdk-cygwin\jdk8u\hotspot\src\share\vm\prims\jni.cpp, line 709]
Event: 1437.438 Thread 0x000000001bbfb000 Exception <a 'sun/nio/fs/WindowsException'> (0x00000000f1aa53a0) thrown at [D:\src\AOSP-openjdk-cygwin\jdk8u\hotspot\src\share\vm\prims\jni.cpp, line 709]
Event: 1437.438 Thread 0x000000001bbfb000 Exception <a 'sun/nio/fs/WindowsException'> (0x00000000f1aa5fc8) thrown at [D:\src\AOSP-openjdk-cygwin\jdk8u\hotspot\src\share\vm\prims\jni.cpp, line 709]
Event: 1437.438 Thread 0x000000001bbfb000 Exception <a 'sun/nio/fs/WindowsException'> (0x00000000f1aa8b78) thrown at [D:\src\AOSP-openjdk-cygwin\jdk8u\hotspot\src\share\vm\prims\jni.cpp, line 709]
Event: 1437.438 Thread 0x000000001bbfb000 Exception <a 'sun/nio/fs/WindowsException'> (0x00000000f1aa97d8) thrown at [D:\src\AOSP-openjdk-cygwin\jdk8u\hotspot\src\share\vm\prims\jni.cpp, line 709]
Event: 1437.438 Thread 0x000000001bbfb000 Exception <a 'sun/nio/fs/WindowsException'> (0x00000000f1aab468) thrown at [D:\src\AOSP-openjdk-cygwin\jdk8u\hotspot\src\share\vm\prims\jni.cpp, line 709]
Event: 1437.438 Thread 0x000000001bbfb000 Exception <a 'sun/nio/fs/WindowsException'> (0x00000000f1aac108) thrown at [D:\src\AOSP-openjdk-cygwin\jdk8u\hotspot\src\share\vm\prims\jni.cpp, line 709]

Events (10 events):
Event: 1437.908 Thread 0x0000000018869800 flushing nmethod 0x0000000004c411d0
Event: 1437.909 Thread 0x0000000018869800 flushing nmethod 0x0000000004c7cfd0
Event: 1437.913 Thread 0x0000000018869800 flushing nmethod 0x0000000004df8d50
Event: 1437.914 Thread 0x0000000018869800 flushing nmethod 0x0000000004e2a590
Event: 1437.914 Thread 0x0000000018869800 flushing nmethod 0x0000000004efbf50
Event: 1437.914 Thread 0x0000000018869800 flushing nmethod 0x0000000004f22a50
Event: 1437.914 Thread 0x0000000018869800 flushing nmethod 0x0000000004f69b50
Event: 1437.916 Thread 0x0000000018869800 flushing nmethod 0x0000000005250b90
Event: 1437.916 Thread 0x0000000018869800 flushing nmethod 0x0000000005256990
Event: 1437.918 Thread 0x0000000018869800 flushing nmethod 0x00000000052f2a10


Dynamic libraries:
0x00007ff6f9db0000 - 0x00007ff6f9de1000 	C:\Program Files\Android\Android Studio\jre\bin\java.exe
0x00007ff9835a0000 - 0x00007ff983780000 	C:\WINDOWS\SYSTEM32\ntdll.dll
0x00007ff980a70000 - 0x00007ff980b1e000 	C:\WINDOWS\System32\KERNEL32.DLL
0x00007ff980150000 - 0x00007ff9803b6000 	C:\WINDOWS\System32\KERNELBASE.dll
0x00007ff97c250000 - 0x00007ff97c2d8000 	C:\WINDOWS\SYSTEM32\apphelp.dll
0x00007ff983270000 - 0x00007ff983311000 	C:\WINDOWS\System32\ADVAPI32.dll
0x00007ff982390000 - 0x00007ff98242d000 	C:\WINDOWS\System32\msvcrt.dll
0x00007ff983210000 - 0x00007ff98326b000 	C:\WINDOWS\System32\sechost.dll
0x00007ff982430000 - 0x00007ff98254f000 	C:\WINDOWS\System32\RPCRT4.dll
0x00007ff9833e0000 - 0x00007ff98356f000 	C:\WINDOWS\System32\USER32.dll
0x00007ff980660000 - 0x00007ff980680000 	C:\WINDOWS\System32\win32u.dll
0x00007ff983320000 - 0x00007ff983348000 	C:\WINDOWS\System32\GDI32.dll
0x00007ff980830000 - 0x00007ff9809c3000 	C:\WINDOWS\System32\gdi32full.dll
0x00007ff9809d0000 - 0x00007ff980a6b000 	C:\WINDOWS\System32\msvcp_win.dll
0x00007ff980680000 - 0x00007ff980776000 	C:\WINDOWS\System32\ucrtbase.dll
0x00007ff9710f0000 - 0x00007ff971359000 	C:\WINDOWS\WinSxS\amd64_microsoft.windows.common-controls_6595b64144ccf1df_6.0.16299.248_none_15ced204935f55d7\COMCTL32.dll
0x00007ff980c40000 - 0x00007ff980f48000 	C:\WINDOWS\System32\combase.dll
0x00007ff980410000 - 0x00007ff980482000 	C:\WINDOWS\System32\bcryptPrimitives.dll
0x00007ff9833b0000 - 0x00007ff9833dd000 	C:\WINDOWS\System32\IMM32.DLL
0x00000000752c0000 - 0x0000000075392000 	C:\Program Files\Android\Android Studio\jre\jre\bin\msvcr100.dll
0x0000000074580000 - 0x0000000074dbe000 	C:\Program Files\Android\Android Studio\jre\jre\bin\server\jvm.dll
0x00007ff9825b0000 - 0x00007ff9825b8000 	C:\WINDOWS\System32\PSAPI.DLL
0x00007ff97c4a0000 - 0x00007ff97c4c3000 	C:\WINDOWS\SYSTEM32\WINMM.dll
0x00007ff97a640000 - 0x00007ff97a64a000 	C:\WINDOWS\SYSTEM32\VERSION.dll
0x00007ff97da60000 - 0x00007ff97da69000 	C:\WINDOWS\SYSTEM32\WSOCK32.dll
0x00007ff982730000 - 0x00007ff98279c000 	C:\WINDOWS\System32\WS2_32.dll
0x00007ff97c470000 - 0x00007ff97c49a000 	C:\WINDOWS\SYSTEM32\WINMMBASE.dll
0x00007ff9803c0000 - 0x00007ff98040a000 	C:\WINDOWS\System32\cfgmgr32.dll
0x00007ff97b060000 - 0x00007ff97b06f000 	C:\Program Files\Android\Android Studio\jre\jre\bin\verify.dll
0x00007ff9794d0000 - 0x00007ff9794f9000 	C:\Program Files\Android\Android Studio\jre\jre\bin\java.dll
0x00007ff976ac0000 - 0x00007ff976ad6000 	C:\Program Files\Android\Android Studio\jre\jre\bin\zip.dll
0x00007ff980f50000 - 0x00007ff982386000 	C:\WINDOWS\System32\SHELL32.dll
0x00007ff982a10000 - 0x00007ff982ab6000 	C:\WINDOWS\System32\shcore.dll
0x00007ff97f9a0000 - 0x00007ff9800e7000 	C:\WINDOWS\System32\windows.storage.dll
0x00007ff982550000 - 0x00007ff9825a1000 	C:\WINDOWS\System32\shlwapi.dll
0x00007ff97f980000 - 0x00007ff97f991000 	C:\WINDOWS\System32\kernel.appcore.dll
0x00007ff97f910000 - 0x00007ff97f95c000 	C:\WINDOWS\System32\powrprof.dll
0x00007ff97f8f0000 - 0x00007ff97f90b000 	C:\WINDOWS\System32\profapi.dll
0x00007ff971a10000 - 0x00007ff971a2a000 	C:\Program Files\Android\Android Studio\jre\jre\bin\net.dll
0x00007ff97f120000 - 0x00007ff97f186000 	C:\WINDOWS\system32\mswsock.dll
0x00007ff96f090000 - 0x00007ff96f0a1000 	C:\Program Files\Android\Android Studio\jre\jre\bin\nio.dll
0x00007ff959f60000 - 0x00007ff959f7e000 	C:\Users\tgoetz\.gradle\native\25\windows-amd64\native-platform.dll
0x00007ff976bd0000 - 0x00007ff976bdd000 	C:\Program Files\Android\Android Studio\jre\jre\bin\management.dll
0x00007ff97f2e0000 - 0x00007ff97f2f7000 	C:\WINDOWS\SYSTEM32\CRYPTSP.dll
0x00007ff97ed30000 - 0x00007ff97ed63000 	C:\WINDOWS\system32\rsaenh.dll
0x00007ff97f450000 - 0x00007ff97f475000 	C:\WINDOWS\SYSTEM32\bcrypt.dll
0x00007ff97f820000 - 0x00007ff97f849000 	C:\WINDOWS\SYSTEM32\USERENV.dll
0x00007ff97f300000 - 0x00007ff97f30b000 	C:\WINDOWS\SYSTEM32\CRYPTBASE.dll
0x00007ff97eeb0000 - 0x00007ff97eee9000 	C:\WINDOWS\SYSTEM32\IPHLPAPI.DLL
0x00007ff982f10000 - 0x00007ff982f18000 	C:\WINDOWS\System32\NSI.dll
0x00007ff97c6d0000 - 0x00007ff97c6e6000 	C:\WINDOWS\SYSTEM32\dhcpcsvc6.DLL
0x00007ff97c6b0000 - 0x00007ff97c6ca000 	C:\WINDOWS\SYSTEM32\dhcpcsvc.DLL
0x00007ff97da70000 - 0x00007ff97dc38000 	C:\WINDOWS\SYSTEM32\dbghelp.dll

VM Arguments:
jvm_args: -Xmx1536m -Dfile.encoding=windows-1252 -Duser.country=US -Duser.language=en -Duser.variant 
java_command: org.gradle.launcher.daemon.bootstrap.GradleDaemon 4.1
java_class_path (initial): C:\Users\tgoetz\.gradle\wrapper\dists\gradle-4.1-all\bzyivzo6n839fup2jbap0tjew\gradle-4.1\lib\gradle-launcher-4.1.jar
Launcher Type: SUN_STANDARD

Environment Variables:
PATH=C:\ProgramData\Oracle\Java\javapath;C:\WINDOWS\system32;C:\WINDOWS;C:\WINDOWS\System32\Wbem;C:\WINDOWS\System32\WindowsPowerShell\v1.0\;C:\Users\tgoetz\AppData\Local\Microsoft\WindowsApps
USERNAME=TGoetz
OS=Windows_NT
PROCESSOR_IDENTIFIER=Intel64 Family 6 Model 60 Stepping 3, GenuineIntel



---------------  S Y S T E M  ---------------

OS: Windows 10.0 , 64 bit Build 16299 (10.0.16299.15)

CPU:total 8 (initial active 8) (4 cores per cpu, 2 threads per core) family 6 model 60 stepping 3, cmov, cx8, fxsr, mmx, sse, sse2, sse3, ssse3, sse4.1, sse4.2, popcnt, avx, avx2, aes, clmul, erms, lzcnt, ht, tsc, tscinvbit, bmi1, bmi2

Memory: 4k page, physical 33476080k(24433712k free), swap 38456816k(26905220k free)

vm_info: OpenJDK 64-Bit Server VM (25.152-b01) for windows-amd64 JRE (1.8.0_152-release-915-b01), built by "builder" with MS VC++ 10.0 (VS2010)

time: Mon Mar 05 08:27:08 2018
elapsed time: 1437 seconds (0d 0h 23m 57s)

