#
# A fatal error has been detected by the Java Runtime Environment:
#
#  EXCEPTION_ACCESS_VIOLATION (0xc0000005) at pc=0x000000006b3ac9ed, pid=9744, tid=0x0000000000000838
#
# JRE version: OpenJDK Runtime Environment (8.0_152-b01) (build 1.8.0_152-release-915-b01)
# Java VM: OpenJDK 64-Bit Server VM (25.152-b01 mixed mode windows-amd64 compressed oops)
# Problematic frame:
# V  [jvm.dll+0x46c9ed]
#
# Failed to write core dump. Minidumps are not enabled by default on client versions of Windows
#
# If you would like to submit a bug report, please visit:
#   http://bugreport.java.com/bugreport/crash.jsp
#

---------------  T H R E A D  ---------------

Current thread (0x000000001add9800):  JavaThread "C2 CompilerThread1" daemon [_thread_in_native, id=2104, stack(0x000000001b6a0000,0x000000001b7a0000)]

siginfo: ExceptionCode=0xc0000005, reading address 0xffffffffffffffff

Registers:
RAX=0x000000001b79e760, RBX=0x010000006b704070, RCX=0x0000000000000007, RDX=0x000000001ddafd00
RSP=0x000000001b79bf40, RBP=0x00000000000000b0, RSI=0x0000000000000016, RDI=0x0000000027a580e0
R8 =0xfffffffffffffff8, R9 =0x000000001b79bfc0, R10=0x000000006b704070, R11=0x000000006af40000
R12=0x0000000000003db8, R13=0x000000000004d260, R14=0x00000000000007b7, R15=0x0000000000000000
RIP=0x000000006b3ac9ed, EFLAGS=0x0000000000010246

Top of Stack: (sp=0x000000001b79bf40)
0x000000001b79bf40:   000000001b79c0f0 00000000000001a7
0x000000001b79bf50:   0000000000000d38 0000000020797000
0x000000001b79bf60:   000000001b79c0f0 000000006b3c6c44
0x000000001b79bf70:   0000000000000016 0000000027a580e0
0x000000001b79bf80:   0000000026f8c368 0000000000000000
0x000000001b79bf90:   fffffffffffffff8 0000000018ee62b0
0x000000001b79bfa0:   000000001d3cffc0 000000000030b990
0x000000001b79bfb0:   000000001d3d0010 000000001d3d7fa8
0x000000001b79bfc0:   000000006b576d48 0000000018ee62b0
0x000000001b79bfd0:   0000000000000080 000000001c1ec0f8
0x000000001b79bfe0:   000000001b79c0b0 00000000000003d8
0x000000001b79bff0:   000000001d114d38 000000001d114960
0x000000001b79c000:   0000000000000000 000000001d114950
0x000000001b79c010:   000000001b79c130 000000001b79c3a0
0x000000001b79c020:   000000001b79c4b0 000000006b374342
0x000000001b79c030:   0000000000000000 0000000000000001 

Instructions: (pc=0x000000006b3ac9ed)
0x000000006b3ac9cd:   f2 48 8b 1c f0 ff 15 c0 a9 13 00 48 8b 90 b8 03
0x000000006b3ac9dd:   00 00 48 8b 82 88 00 00 00 48 8b 90 f0 07 00 00
0x000000006b3ac9ed:   48 89 13 8b 0d 72 fb 2f 00 ff 15 9c a9 13 00 48
0x000000006b3ac9fd:   8b 88 b8 03 00 00 48 8b 81 88 00 00 00 48 8d 0d 


Register to memory mapping:

RAX=0x000000001b79e760 is pointing into the stack for thread: 0x000000001add9800
RBX=0x010000006b704070 is an unknown value
RCX=0x0000000000000007 is an unknown value
RDX=0x000000001ddafd00 is an unknown value
RSP=0x000000001b79bf40 is pointing into the stack for thread: 0x000000001add9800
RBP=0x00000000000000b0 is an unknown value
RSI=0x0000000000000016 is an unknown value
RDI=0x0000000027a580e0 is an unknown value
R8 =0xfffffffffffffff8 is an unknown value
R9 =0x000000001b79bfc0 is pointing into the stack for thread: 0x000000001add9800
R10=0x000000006b704070 is an unknown value
R11=0x000000006af40000 is an unknown value
R12=0x0000000000003db8 is an unknown value
R13=0x000000000004d260 is an unknown value
R14=0x00000000000007b7 is an unknown value
R15=0x0000000000000000 is an unknown value


Stack: [0x000000001b6a0000,0x000000001b7a0000],  sp=0x000000001b79bf40,  free space=1007k
Native frames: (J=compiled Java code, j=interpreted, Vv=VM code, C=native code)
V  [jvm.dll+0x46c9ed]
V  [jvm.dll+0x486c44]
V  [jvm.dll+0x434342]
V  [jvm.dll+0x43f19b]
V  [jvm.dll+0x441a6e]
V  [jvm.dll+0x424b32]
V  [jvm.dll+0x80fa9]
V  [jvm.dll+0x818df]
V  [jvm.dll+0x21d06f]
V  [jvm.dll+0x26d4aa]
C  [msvcr100.dll+0x21d9f]
C  [msvcr100.dll+0x21e3b]
C  [KERNEL32.DLL+0x11fe4]
C  [ntdll.dll+0x6efb1]


Current CompileTask:
C2:  14289 7448   !   4       java.io.ObjectOutputStream::writeObject0 (619 bytes)


---------------  P R O C E S S  ---------------

Java Threads: ( => current thread )
  0x000000001ff32800 JavaThread "Memory manager" [_thread_blocked, id=7044, stack(0x0000000025990000,0x0000000025a90000)]
  0x000000001ff36000 JavaThread "pool-1-thread-1" [_thread_blocked, id=1944, stack(0x0000000025690000,0x0000000025790000)]
  0x00000000212bc000 JavaThread "build operations Thread 8" [_thread_blocked, id=5760, stack(0x0000000024ed0000,0x0000000024fd0000)]
  0x00000000212bb000 JavaThread "build operations Thread 7" [_thread_blocked, id=5104, stack(0x0000000024dd0000,0x0000000024ed0000)]
  0x00000000212b9800 JavaThread "build operations Thread 6" [_thread_blocked, id=1052, stack(0x0000000024cd0000,0x0000000024dd0000)]
  0x00000000212ba800 JavaThread "build operations Thread 5" [_thread_blocked, id=1268, stack(0x0000000024bd0000,0x0000000024cd0000)]
  0x00000000212bd800 JavaThread "build operations Thread 4" [_thread_blocked, id=6472, stack(0x0000000024ad0000,0x0000000024bd0000)]
  0x00000000212b7800 JavaThread "build operations Thread 3" [_thread_blocked, id=10276, stack(0x00000000249d0000,0x0000000024ad0000)]
  0x00000000212b9000 JavaThread "build operations Thread 2" [_thread_blocked, id=4484, stack(0x00000000248d0000,0x00000000249d0000)]
  0x00000000212bd000 JavaThread "build operations" [_thread_blocked, id=4964, stack(0x0000000021f40000,0x0000000022040000)]
  0x000000001c0ff800 JavaThread "Cache worker for Artifact transforms cache (C:\Users\tgoetz\.gradle\caches\transforms-1)" [_thread_blocked, id=584, stack(0x0000000020d90000,0x0000000020e90000)]
  0x000000001cf88800 JavaThread "Cache worker for file hash cache (C:\Users\tgoetz\Desktop\Database_test\Database_test\.gradle\4.1\fileHashes)" [_thread_blocked, id=13264, stack(0x000000001f8c0000,0x000000001f9c0000)]
  0x000000001cb69000 JavaThread "File lock request listener" [_thread_in_native, id=4900, stack(0x000000001f5c0000,0x000000001f6c0000)]
  0x000000001d2c3000 JavaThread "Cache worker for file hash cache (C:\Users\tgoetz\.gradle\caches\4.1\fileHashes)" [_thread_blocked, id=9200, stack(0x000000001f4c0000,0x000000001f5c0000)]
  0x000000001cae4800 JavaThread "Stdin handler" [_thread_blocked, id=5132, stack(0x000000001f2c0000,0x000000001f3c0000)]
  0x000000001cae1800 JavaThread "Asynchronous log dispatcher for DefaultDaemonConnection: socket connection from /127.0.0.1:58303 to /127.0.0.1:58304" [_thread_in_native, id=12320, stack(0x000000001f1c0000,0x000000001f2c0000)]
  0x000000001cb74000 JavaThread "Daemon worker" [_thread_in_native, id=5484, stack(0x000000001f0c0000,0x000000001f1c0000)]
  0x000000001c930800 JavaThread "Cancel handler" [_thread_blocked, id=6696, stack(0x000000001efc0000,0x000000001f0c0000)]
  0x000000001c969800 JavaThread "Handler for socket connection from /127.0.0.1:58303 to /127.0.0.1:58304" [_thread_in_native, id=11536, stack(0x000000001ecc0000,0x000000001edc0000)]
  0x000000001c969000 JavaThread "Daemon" [_thread_blocked, id=5492, stack(0x000000001ebc0000,0x000000001ecc0000)]
  0x000000001cafd800 JavaThread "Daemon periodic checks" [_thread_blocked, id=840, stack(0x000000001eac0000,0x000000001ebc0000)]
  0x000000001cafb000 JavaThread "Incoming local TCP Connector on port 58303" [_thread_in_native, id=3820, stack(0x000000001e880000,0x000000001e980000)]
  0x000000001ae6d000 JavaThread "Service Thread" daemon [_thread_blocked, id=11760, stack(0x000000001b9a0000,0x000000001baa0000)]
  0x0000000018efe000 JavaThread "C1 CompilerThread3" daemon [_thread_blocked, id=6196, stack(0x000000001b8a0000,0x000000001b9a0000)]
  0x000000001addc800 JavaThread "C2 CompilerThread2" daemon [_thread_blocked, id=8564, stack(0x000000001b7a0000,0x000000001b8a0000)]
=>0x000000001add9800 JavaThread "C2 CompilerThread1" daemon [_thread_in_native, id=2104, stack(0x000000001b6a0000,0x000000001b7a0000)]
  0x000000001add6800 JavaThread "C2 CompilerThread0" daemon [_thread_blocked, id=1252, stack(0x000000001b5a0000,0x000000001b6a0000)]
  0x000000001ade6800 JavaThread "Attach Listener" daemon [_thread_blocked, id=2236, stack(0x000000001b4a0000,0x000000001b5a0000)]
  0x000000001ade5800 JavaThread "Signal Dispatcher" daemon [_thread_blocked, id=4828, stack(0x000000001b3a0000,0x000000001b4a0000)]
  0x000000001add0800 JavaThread "Finalizer" daemon [_thread_blocked, id=13096, stack(0x000000001b1b0000,0x000000001b2b0000)]
  0x0000000005129000 JavaThread "Reference Handler" daemon [_thread_blocked, id=2564, stack(0x000000001acb0000,0x000000001adb0000)]
  0x0000000004f2d800 JavaThread "main" [_thread_blocked, id=9084, stack(0x0000000004f30000,0x0000000005030000)]

Other Threads:
  0x0000000018ee6800 VMThread [stack: 0x000000001abb0000,0x000000001acb0000] [id=4412]
  0x000000001ae6e000 WatcherThread [stack: 0x000000001baa0000,0x000000001bba0000] [id=11152]

VM state:not at safepoint (normal execution)

VM Mutex/Monitor currently owned by a thread: None

Heap:
 PSYoungGen      total 410624K, used 182849K [0x00000000e0000000, 0x00000000fac00000, 0x0000000100000000)
  eden space 389120K, 41% used [0x00000000e0000000,0x00000000e9d945d0,0x00000000f7c00000)
  from space 21504K, 99% used [0x00000000f9100000,0x00000000fa5fbed8,0x00000000fa600000)
  to   space 21504K, 0% used [0x00000000f7c00000,0x00000000f7c00000,0x00000000f9100000)
 ParOldGen       total 307200K, used 29708K [0x00000000a0000000, 0x00000000b2c00000, 0x00000000e0000000)
  object space 307200K, 9% used [0x00000000a0000000,0x00000000a1d03070,0x00000000b2c00000)
 Metaspace       used 55589K, capacity 57864K, committed 58112K, reserved 1099776K
  class space    used 7608K, capacity 8181K, committed 8192K, reserved 1048576K

Card table byte_map: [0x00000000144f0000,0x0000000014800000] byte_map_base: 0x0000000013ff0000

Marking Bits: (ParMarkBitMap*) 0x000000006b703950
 Begin Bits: [0x0000000015200000, 0x0000000016a00000)
 End Bits:   [0x0000000016a00000, 0x0000000018200000)

Polling page: 0x0000000000db0000

CodeCache: size=245760Kb used=24541Kb max_used=24541Kb free=221218Kb
 bounds [0x0000000005130000, 0x0000000006940000, 0x0000000014130000]
 total_blobs=7743 nmethods=6983 adapters=672
 compilation: enabled

Compilation events (10 events):
Event: 14.251 Thread 0x0000000018efe000 nmethod 7625 0x00000000068cc9d0 code [0x00000000068ccb20, 0x00000000068ccc50]
Event: 14.253 Thread 0x0000000018efe000 7626       3       org.gradle.api.internal.artifacts.transform.DefaultTransformedFileCache$1::create (70 bytes)
Event: 14.253 Thread 0x000000001addc800 7628   !   4       java.io.ObjectOutputStream::writeSerialData (221 bytes)
Event: 14.253 Thread 0x0000000018efe000 nmethod 7626 0x00000000068cd350 code [0x00000000068cd520, 0x00000000068cdcc8]
Event: 14.253 Thread 0x0000000018efe000 7627       3       org.gradle.api.internal.changedetection.state.DefaultFileSystemSnapshotter$2::create (117 bytes)
Event: 14.255 Thread 0x0000000018efe000 nmethod 7627 0x000000000692a450 code [0x000000000692a7c0, 0x000000000692c478]
Event: 14.256 Thread 0x000000001addc800 nmethod 7628 0x0000000006918450 code [0x00000000069185a0, 0x0000000006918768]
Event: 14.256 Thread 0x000000001addc800 7629       4       org.gradle.internal.component.external.model.DefaultModuleComponentIdentifier::hashCode (36 bytes)
Event: 14.257 Thread 0x0000000018efe000 7630       1       com.android.build.gradle.internal.ide.ArtifactDependencyGraph$HashableResolvedArtifactResult::getDependencyType (5 bytes)
Event: 14.257 Thread 0x0000000018efe000 nmethod 7630 0x00000000068ee8d0 code [0x00000000068eea20, 0x00000000068eeb30]

GC Heap History (10 events):
Event: 3.341 GC heap before
{Heap before GC invocations=2 (full 0):
 PSYoungGen      total 153088K, used 37400K [0x00000000e0000000, 0x00000000f2b00000, 0x0000000100000000)
  eden space 131584K, 17% used [0x00000000e0000000,0x00000000e16c3860,0x00000000e8080000)
  from space 21504K, 65% used [0x00000000e8080000,0x00000000e8e42980,0x00000000e9580000)
  to   space 21504K, 0% used [0x00000000f1600000,0x00000000f1600000,0x00000000f2b00000)
 ParOldGen       total 349696K, used 16K [0x00000000a0000000, 0x00000000b5580000, 0x00000000e0000000)
  object space 349696K, 0% used [0x00000000a0000000,0x00000000a0004000,0x00000000b5580000)
 Metaspace       used 20723K, capacity 21112K, committed 21248K, reserved 1067008K
  class space    used 2865K, capacity 3035K, committed 3072K, reserved 1048576K
Event: 3.352 GC heap after
Heap after GC invocations=2 (full 0):
 PSYoungGen      total 284672K, used 8113K [0x00000000e0000000, 0x00000000f2b00000, 0x0000000100000000)
  eden space 263168K, 0% used [0x00000000e0000000,0x00000000e0000000,0x00000000f0100000)
  from space 21504K, 37% used [0x00000000f1600000,0x00000000f1dec538,0x00000000f2b00000)
  to   space 21504K, 0% used [0x00000000f0100000,0x00000000f0100000,0x00000000f1600000)
 ParOldGen       total 349696K, used 24K [0x00000000a0000000, 0x00000000b5580000, 0x00000000e0000000)
  object space 349696K, 0% used [0x00000000a0000000,0x00000000a0006000,0x00000000b5580000)
 Metaspace       used 20723K, capacity 21112K, committed 21248K, reserved 1067008K
  class space    used 2865K, capacity 3035K, committed 3072K, reserved 1048576K
}
Event: 3.352 GC heap before
{Heap before GC invocations=3 (full 1):
 PSYoungGen      total 284672K, used 8113K [0x00000000e0000000, 0x00000000f2b00000, 0x0000000100000000)
  eden space 263168K, 0% used [0x00000000e0000000,0x00000000e0000000,0x00000000f0100000)
  from space 21504K, 37% used [0x00000000f1600000,0x00000000f1dec538,0x00000000f2b00000)
  to   space 21504K, 0% used [0x00000000f0100000,0x00000000f0100000,0x00000000f1600000)
 ParOldGen       total 349696K, used 24K [0x00000000a0000000, 0x00000000b5580000, 0x00000000e0000000)
  object space 349696K, 0% used [0x00000000a0000000,0x00000000a0006000,0x00000000b5580000)
 Metaspace       used 20723K, capacity 21112K, committed 21248K, reserved 1067008K
  class space    used 2865K, capacity 3035K, committed 3072K, reserved 1048576K
Event: 3.397 GC heap after
Heap after GC invocations=3 (full 1):
 PSYoungGen      total 284672K, used 0K [0x00000000e0000000, 0x00000000f2b00000, 0x0000000100000000)
  eden space 263168K, 0% used [0x00000000e0000000,0x00000000e0000000,0x00000000f0100000)
  from space 21504K, 0% used [0x00000000f1600000,0x00000000f1600000,0x00000000f2b00000)
  to   space 21504K, 0% used [0x00000000f0100000,0x00000000f0100000,0x00000000f1600000)
 ParOldGen       total 198656K, used 7883K [0x00000000a0000000, 0x00000000ac200000, 0x00000000e0000000)
  object space 198656K, 3% used [0x00000000a0000000,0x00000000a07b2f40,0x00000000ac200000)
 Metaspace       used 20723K, capacity 21112K, committed 21248K, reserved 1067008K
  class space    used 2865K, capacity 3035K, committed 3072K, reserved 1048576K
}
Event: 8.912 GC heap before
{Heap before GC invocations=4 (full 1):
 PSYoungGen      total 284672K, used 214883K [0x00000000e0000000, 0x00000000f2b00000, 0x0000000100000000)
  eden space 263168K, 81% used [0x00000000e0000000,0x00000000ed1d8f40,0x00000000f0100000)
  from space 21504K, 0% used [0x00000000f1600000,0x00000000f1600000,0x00000000f2b00000)
  to   space 21504K, 0% used [0x00000000f0100000,0x00000000f0100000,0x00000000f1600000)
 ParOldGen       total 198656K, used 7883K [0x00000000a0000000, 0x00000000ac200000, 0x00000000e0000000)
  object space 198656K, 3% used [0x00000000a0000000,0x00000000a07b2f40,0x00000000ac200000)
 Metaspace       used 34508K, capacity 35304K, committed 35416K, reserved 1079296K
  class space    used 4707K, capacity 5034K, committed 5120K, reserved 1048576K
Event: 8.930 GC heap after
Heap after GC invocations=4 (full 1):
 PSYoungGen      total 284672K, used 17278K [0x00000000e0000000, 0x00000000fa600000, 0x0000000100000000)
  eden space 263168K, 0% used [0x00000000e0000000,0x00000000e0000000,0x00000000f0100000)
  from space 21504K, 80% used [0x00000000f0100000,0x00000000f11dfab0,0x00000000f1600000)
  to   space 21504K, 0% used [0x00000000f9100000,0x00000000f9100000,0x00000000fa600000)
 ParOldGen       total 198656K, used 7963K [0x00000000a0000000, 0x00000000ac200000, 0x00000000e0000000)
  object space 198656K, 4% used [0x00000000a0000000,0x00000000a07c6f50,0x00000000ac200000)
 Metaspace       used 34508K, capacity 35304K, committed 35416K, reserved 1079296K
  class space    used 4707K, capacity 5034K, committed 5120K, reserved 1048576K
}
Event: 8.930 GC heap before
{Heap before GC invocations=5 (full 2):
 PSYoungGen      total 284672K, used 17278K [0x00000000e0000000, 0x00000000fa600000, 0x0000000100000000)
  eden space 263168K, 0% used [0x00000000e0000000,0x00000000e0000000,0x00000000f0100000)
  from space 21504K, 80% used [0x00000000f0100000,0x00000000f11dfab0,0x00000000f1600000)
  to   space 21504K, 0% used [0x00000000f9100000,0x00000000f9100000,0x00000000fa600000)
 ParOldGen       total 198656K, used 7963K [0x00000000a0000000, 0x00000000ac200000, 0x00000000e0000000)
  object space 198656K, 4% used [0x00000000a0000000,0x00000000a07c6f50,0x00000000ac200000)
 Metaspace       used 34508K, capacity 35304K, committed 35416K, reserved 1079296K
  class space    used 4707K, capacity 5034K, committed 5120K, reserved 1048576K
Event: 8.982 GC heap after
Heap after GC invocations=5 (full 2):
 PSYoungGen      total 284672K, used 0K [0x00000000e0000000, 0x00000000fa600000, 0x0000000100000000)
  eden space 263168K, 0% used [0x00000000e0000000,0x00000000e0000000,0x00000000f0100000)
  from space 21504K, 0% used [0x00000000f0100000,0x00000000f0100000,0x00000000f1600000)
  to   space 21504K, 0% used [0x00000000f9100000,0x00000000f9100000,0x00000000fa600000)
 ParOldGen       total 307200K, used 22867K [0x00000000a0000000, 0x00000000b2c00000, 0x00000000e0000000)
  object space 307200K, 7% used [0x00000000a0000000,0x00000000a1654de0,0x00000000b2c00000)
 Metaspace       used 34508K, capacity 35304K, committed 35416K, reserved 1079296K
  class space    used 4707K, capacity 5034K, committed 5120K, reserved 1048576K
}
Event: 12.108 GC heap before
{Heap before GC invocations=6 (full 2):
 PSYoungGen      total 284672K, used 263168K [0x00000000e0000000, 0x00000000fa600000, 0x0000000100000000)
  eden space 263168K, 100% used [0x00000000e0000000,0x00000000f0100000,0x00000000f0100000)
  from space 21504K, 0% used [0x00000000f0100000,0x00000000f0100000,0x00000000f1600000)
  to   space 21504K, 0% used [0x00000000f9100000,0x00000000f9100000,0x00000000fa600000)
 ParOldGen       total 307200K, used 22867K [0x00000000a0000000, 0x00000000b2c00000, 0x00000000e0000000)
  object space 307200K, 7% used [0x00000000a0000000,0x00000000a1654de0,0x00000000b2c00000)
 Metaspace       used 53043K, capacity 54874K, committed 55168K, reserved 1097728K
  class space    used 7272K, capacity 7768K, committed 7808K, reserved 1048576K
Event: 12.139 GC heap after
Heap after GC invocations=6 (full 2):
 PSYoungGen      total 410624K, used 21487K [0x00000000e0000000, 0x00000000fac00000, 0x0000000100000000)
  eden space 389120K, 0% used [0x00000000e0000000,0x00000000e0000000,0x00000000f7c00000)
  from space 21504K, 99% used [0x00000000f9100000,0x00000000fa5fbed8,0x00000000fa600000)
  to   space 21504K, 0% used [0x00000000f7c00000,0x00000000f7c00000,0x00000000f9100000)
 ParOldGen       total 307200K, used 29708K [0x00000000a0000000, 0x00000000b2c00000, 0x00000000e0000000)
  object space 307200K, 9% used [0x00000000a0000000,0x00000000a1d03070,0x00000000b2c00000)
 Metaspace       used 53043K, capacity 54874K, committed 55168K, reserved 1097728K
  class space    used 7272K, capacity 7768K, committed 7808K, reserved 1048576K
}

Deoptimization events (10 events):
Event: 13.160 Thread 0x000000001cb74000 Uncommon trap: reason=class_check action=maybe_recompile pc=0x0000000005b15880 method=com.google.common.collect.AbstractMapBasedMultimap$WrappedCollection.refreshIfEmpty()V @ 59
Event: 13.232 Thread 0x00000000212b9000 Uncommon trap: reason=unstable_if action=reinterpret pc=0x0000000005258234 method=com.esotericsoftware.kryo.io.Output.writeString(Ljava/lang/CharSequence;)V @ 1
Event: 13.274 Thread 0x00000000212b7800 Uncommon trap: reason=unstable_if action=reinterpret pc=0x0000000005713368 method=java.util.concurrent.ConcurrentHashMap.addCount(JI)V @ 34
Event: 13.278 Thread 0x00000000212bd800 Uncommon trap: reason=unstable_if action=reinterpret pc=0x0000000005962a18 method=java.lang.String.regionMatches(ZILjava/lang/String;II)Z @ 102
Event: 13.285 Thread 0x00000000212bd800 Uncommon trap: reason=unstable_if action=reinterpret pc=0x0000000005aa3cf0 method=java.util.concurrent.ConcurrentHashMap.addCount(JI)V @ 7
Event: 13.333 Thread 0x00000000212bd000 Uncommon trap: reason=unstable_if action=reinterpret pc=0x0000000005d73a5c method=java.util.LinkedHashMap.afterNodeInsertion(Z)V @ 18
Event: 13.635 Thread 0x000000001cb74000 Uncommon trap: reason=bimorphic action=maybe_recompile pc=0x00000000067a721c method=com.google.common.collect.Iterators$5.hasNext()Z @ 24
Event: 13.635 Thread 0x000000001cb74000 Uncommon trap: reason=bimorphic action=maybe_recompile pc=0x00000000067a721c method=com.google.common.collect.Iterators$5.hasNext()Z @ 24
Event: 13.984 Thread 0x000000001cb74000 Uncommon trap: reason=bimorphic action=maybe_recompile pc=0x00000000067a721c method=com.google.common.collect.Iterators$5.hasNext()Z @ 24
Event: 13.984 Thread 0x000000001cb74000 Uncommon trap: reason=bimorphic action=maybe_recompile pc=0x00000000067a721c method=com.google.common.collect.Iterators$5.hasNext()Z @ 24

Classes redefined (0 events):
No events

Internal exceptions (10 events):
Event: 12.802 Thread 0x000000001cb74000 Exception <a 'java/lang/ClassNotFoundException': org/jetbrains/plugins/gradle/model/DefaultExternalPluginBeanInfo> (0x00000000e6b60778) thrown at [D:\src\AOSP-openjdk-cygwin\jdk8u\hotspot\src\share\vm\classfile\systemDictionary.cpp, line 210]
Event: 12.802 Thread 0x000000001cb74000 Exception <a 'java/lang/ClassNotFoundException': org/jetbrains/plugins/gradle/model/DefaultExternalPluginCustomizer> (0x00000000e6b6fa50) thrown at [D:\src\AOSP-openjdk-cygwin\jdk8u\hotspot\src\share\vm\classfile\systemDictionary.cpp, line 210]
Event: 12.806 Thread 0x000000001cb74000 Exception <a 'java/lang/ClassNotFoundException': org/gradle/api/internal/artifacts/DefaultPublishArtifactSetBeanInfo> (0x00000000e6bc47d0) thrown at [D:\src\AOSP-openjdk-cygwin\jdk8u\hotspot\src\share\vm\classfile\systemDictionary.cpp, line 210]
Event: 12.807 Thread 0x000000001cb74000 Exception <a 'java/lang/ClassNotFoundException': org/gradle/api/internal/artifacts/DefaultPublishArtifactSetCustomizer> (0x00000000e6bea2c0) thrown at [D:\src\AOSP-openjdk-cygwin\jdk8u\hotspot\src\share\vm\classfile\systemDictionary.cpp, line 210]
Event: 12.809 Thread 0x000000001cb74000 Exception <a 'java/lang/ClassNotFoundException': org/gradle/api/internal/file/DefaultFileCollectionFactory$1BeanInfo> (0x00000000e6c236e0) thrown at [D:\src\AOSP-openjdk-cygwin\jdk8u\hotspot\src\share\vm\classfile\systemDictionary.cpp, line 210]
Event: 12.809 Thread 0x000000001cb74000 Exception <a 'java/lang/ClassNotFoundException': org/gradle/api/internal/file/collections/FileCollectionAdapterBeanInfo> (0x00000000e6c385a8) thrown at [D:\src\AOSP-openjdk-cygwin\jdk8u\hotspot\src\share\vm\classfile\systemDictionary.cpp, line 210]
Event: 12.809 Thread 0x000000001cb74000 Exception <a 'java/lang/ClassNotFoundException': org/gradle/api/internal/file/collections/FileCollectionAdapterCustomizer> (0x00000000e6c4dbe8) thrown at [D:\src\AOSP-openjdk-cygwin\jdk8u\hotspot\src\share\vm\classfile\systemDictionary.cpp, line 210]
Event: 12.810 Thread 0x000000001cb74000 Exception <a 'java/lang/ClassNotFoundException': org/gradle/api/internal/file/DefaultFileCollectionFactory$1Customizer> (0x00000000e6c6ba38) thrown at [D:\src\AOSP-openjdk-cygwin\jdk8u\hotspot\src\share\vm\classfile\systemDictionary.cpp, line 210]
Event: 13.232 Thread 0x00000000212b9000 Implicit null exception at 0x0000000005257ef0 to 0x000000000525821e
Event: 13.982 Thread 0x000000001cb74000 Exception <a 'java/lang/NoSuchMethodError': java.lang.Object.lambda$negate$1(Ljava/lang/Object;)Z> (0x00000000e91fdd78) thrown at [D:\src\AOSP-openjdk-cygwin\jdk8u\hotspot\src\share\vm\interpreter\linkResolver.cpp, line 584]

Events (10 events):
Event: 13.984 Thread 0x000000001cb74000 Uncommon trap: trap_request=0xffffffc6 fr.pc=0x00000000067a721c
Event: 13.984 Thread 0x000000001cb74000 DEOPT PACKING pc=0x00000000067a721c sp=0x000000001f1bb8e0
Event: 13.984 Thread 0x000000001cb74000 DEOPT UNPACKING pc=0x000000000517556a sp=0x000000001f1bb890 mode 2
Event: 13.984 Thread 0x000000001cb74000 Uncommon trap: trap_request=0xffffffc6 fr.pc=0x00000000067a721c
Event: 13.984 Thread 0x000000001cb74000 DEOPT PACKING pc=0x00000000067a721c sp=0x000000001f1bb8e0
Event: 13.984 Thread 0x000000001cb74000 DEOPT UNPACKING pc=0x000000000517556a sp=0x000000001f1bb890 mode 2
Event: 14.162 Executing VM operation: ForceSafepoint
Event: 14.163 Executing VM operation: ForceSafepoint done
Event: 14.226 loading class org/gradle/process/internal/health/memory/JvmMemoryStatusSnapshot
Event: 14.226 loading class org/gradle/process/internal/health/memory/JvmMemoryStatusSnapshot done


Dynamic libraries:
0x00007ff6af610000 - 0x00007ff6af641000 	C:\Program Files\Android\Android Studio\jre\bin\java.exe
0x00007fff833d0000 - 0x00007fff835b0000 	C:\WINDOWS\SYSTEM32\ntdll.dll
0x00007fff81480000 - 0x00007fff8152e000 	C:\WINDOWS\System32\KERNEL32.DLL
0x00007fff7fb40000 - 0x00007fff7fda6000 	C:\WINDOWS\System32\KERNELBASE.dll
0x00007fff80d20000 - 0x00007fff80dc1000 	C:\WINDOWS\System32\ADVAPI32.dll
0x00007fff81360000 - 0x00007fff813fd000 	C:\WINDOWS\System32\msvcrt.dll
0x00007fff83310000 - 0x00007fff8336b000 	C:\WINDOWS\System32\sechost.dll
0x00007fff810f0000 - 0x00007fff8120f000 	C:\WINDOWS\System32\RPCRT4.dll
0x00007fff83050000 - 0x00007fff831df000 	C:\WINDOWS\System32\USER32.dll
0x00007fff7f830000 - 0x00007fff7f850000 	C:\WINDOWS\System32\win32u.dll
0x00007fff83370000 - 0x00007fff83398000 	C:\WINDOWS\System32\GDI32.dll
0x00007fff7f9a0000 - 0x00007fff7fb33000 	C:\WINDOWS\System32\gdi32full.dll
0x00007fff7f900000 - 0x00007fff7f99b000 	C:\WINDOWS\System32\msvcp_win.dll
0x00007fff7fdb0000 - 0x00007fff7fea6000 	C:\WINDOWS\System32\ucrtbase.dll
0x00007fff74890000 - 0x00007fff74af9000 	C:\WINDOWS\WinSxS\amd64_microsoft.windows.common-controls_6595b64144ccf1df_6.0.16299.192_none_15c8cdae9364c23b\COMCTL32.dll
0x00007fff80dd0000 - 0x00007fff810d8000 	C:\WINDOWS\System32\combase.dll
0x00007fff7feb0000 - 0x00007fff7ff22000 	C:\WINDOWS\System32\bcryptPrimitives.dll
0x00007fff80cf0000 - 0x00007fff80d1d000 	C:\WINDOWS\System32\IMM32.DLL
0x000000006ae60000 - 0x000000006af32000 	C:\Program Files\Android\Android Studio\jre\jre\bin\msvcr100.dll
0x000000006af40000 - 0x000000006b77e000 	C:\Program Files\Android\Android Studio\jre\jre\bin\server\jvm.dll
0x00007fff81530000 - 0x00007fff81538000 	C:\WINDOWS\System32\PSAPI.DLL
0x00007fff7d720000 - 0x00007fff7d729000 	C:\WINDOWS\SYSTEM32\WSOCK32.dll
0x00007fff7a160000 - 0x00007fff7a16a000 	C:\WINDOWS\SYSTEM32\VERSION.dll
0x00007fff7c330000 - 0x00007fff7c353000 	C:\WINDOWS\SYSTEM32\WINMM.dll
0x00007fff82fe0000 - 0x00007fff8304c000 	C:\WINDOWS\System32\WS2_32.dll
0x00007fff7c300000 - 0x00007fff7c32a000 	C:\WINDOWS\SYSTEM32\WINMMBASE.dll
0x00007fff80100000 - 0x00007fff8014a000 	C:\WINDOWS\System32\cfgmgr32.dll
0x00007fff74b20000 - 0x00007fff74b2f000 	C:\Program Files\Android\Android Studio\jre\jre\bin\verify.dll
0x00007fff6a960000 - 0x00007fff6a989000 	C:\Program Files\Android\Android Studio\jre\jre\bin\java.dll
0x00007fff6fb60000 - 0x00007fff6fb76000 	C:\Program Files\Android\Android Studio\jre\jre\bin\zip.dll
0x00007fff81900000 - 0x00007fff82d36000 	C:\WINDOWS\System32\SHELL32.dll
0x00007fff82d40000 - 0x00007fff82de6000 	C:\WINDOWS\System32\shcore.dll
0x00007fff80150000 - 0x00007fff80897000 	C:\WINDOWS\System32\windows.storage.dll
0x00007fff81650000 - 0x00007fff816a1000 	C:\WINDOWS\System32\shlwapi.dll
0x00007fff7f7b0000 - 0x00007fff7f7c1000 	C:\WINDOWS\System32\kernel.appcore.dll
0x00007fff7f720000 - 0x00007fff7f76c000 	C:\WINDOWS\System32\powrprof.dll
0x00007fff7f790000 - 0x00007fff7f7ab000 	C:\WINDOWS\System32\profapi.dll
0x00007fff6ea60000 - 0x00007fff6ea7a000 	C:\Program Files\Android\Android Studio\jre\jre\bin\net.dll
0x00007fff7ef50000 - 0x00007fff7efb6000 	C:\WINDOWS\system32\mswsock.dll
0x00007fff69fa0000 - 0x00007fff69fb1000 	C:\Program Files\Android\Android Studio\jre\jre\bin\nio.dll
0x00007fff6e980000 - 0x00007fff6e99e000 	C:\Users\tgoetz\.gradle\native\25\windows-amd64\native-platform.dll
0x00007fff745d0000 - 0x00007fff745dd000 	C:\Program Files\Android\Android Studio\jre\jre\bin\management.dll
0x00007fff7f110000 - 0x00007fff7f127000 	C:\WINDOWS\SYSTEM32\CRYPTSP.dll
0x00007fff7eb60000 - 0x00007fff7eb93000 	C:\WINDOWS\system32\rsaenh.dll
0x00007fff7f270000 - 0x00007fff7f295000 	C:\WINDOWS\SYSTEM32\bcrypt.dll
0x00007fff7f620000 - 0x00007fff7f649000 	C:\WINDOWS\SYSTEM32\USERENV.dll
0x00007fff7f390000 - 0x00007fff7f39b000 	C:\WINDOWS\SYSTEM32\CRYPTBASE.dll
0x00007fff7ece0000 - 0x00007fff7ed19000 	C:\WINDOWS\SYSTEM32\IPHLPAPI.DLL
0x00007fff81750000 - 0x00007fff81758000 	C:\WINDOWS\System32\NSI.dll
0x00007fff7c780000 - 0x00007fff7c796000 	C:\WINDOWS\SYSTEM32\dhcpcsvc6.DLL
0x00007fff7c760000 - 0x00007fff7c77a000 	C:\WINDOWS\SYSTEM32\dhcpcsvc.DLL
0x00007fff7da20000 - 0x00007fff7dbe8000 	C:\WINDOWS\SYSTEM32\dbghelp.dll

VM Arguments:
jvm_args: -Xmx1536m -Dfile.encoding=windows-1252 -Duser.country=US -Duser.language=en -Duser.variant 
java_command: org.gradle.launcher.daemon.bootstrap.GradleDaemon 4.1
java_class_path (initial): C:\Users\tgoetz\.gradle\wrapper\dists\gradle-4.1-all\bzyivzo6n839fup2jbap0tjew\gradle-4.1\lib\gradle-launcher-4.1.jar
Launcher Type: SUN_STANDARD

Environment Variables:
PATH=C:\WINDOWS\system32;C:\WINDOWS;C:\WINDOWS\System32\Wbem;C:\WINDOWS\System32\WindowsPowerShell\v1.0\;C:\Users\tgoetz\AppData\Local\Microsoft\WindowsApps;
USERNAME=TGoetz
OS=Windows_NT
PROCESSOR_IDENTIFIER=Intel64 Family 6 Model 60 Stepping 3, GenuineIntel



---------------  S Y S T E M  ---------------

OS: Windows 10.0 , 64 bit Build 16299 (10.0.16299.15)

CPU:total 8 (initial active 8) (4 cores per cpu, 2 threads per core) family 6 model 60 stepping 3, cmov, cx8, fxsr, mmx, sse, sse2, sse3, ssse3, sse4.1, sse4.2, popcnt, avx, avx2, aes, clmul, erms, lzcnt, ht, tsc, tscinvbit, bmi1, bmi2

Memory: 4k page, physical 33476080k(27562504k free), swap 38456816k(32026724k free)

vm_info: OpenJDK 64-Bit Server VM (25.152-b01) for windows-amd64 JRE (1.8.0_152-release-915-b01), built by "builder" with MS VC++ 10.0 (VS2010)

time: Mon Jan 22 08:05:46 2018
elapsed time: 14 seconds (0d 0h 0m 14s)

